This is pdfTeX, Version 3.141592653-2.6-1.40.25 (MiKTeX 23.5) (preloaded format=pdflatex 2023.6.29)  10 JUL 2023 16:41
entering extended mode
 restricted \write18 enabled.
 %&-line parsing enabled.
**./Prüfsbericht_Vorlage.tex
(Prüfsbericht_Vorlage.tex
LaTeX2e <2023-06-01> patch level 1
L3 programming layer <2023-06-16>

(C:\Users\t.wiegner\AppData\Local\Programs\MiKTeX\tex/latex/koma-script\scrrepr
t.cls
Document Class: scrreprt 2023/04/24 v3.40 KOMA-Script document class (report)

(C:\Users\t.wiegner\AppData\Local\Programs\MiKTeX\tex/latex/koma-script\scrkbas
e.sty
Package: scrkbase 2023/04/24 v3.40 KOMA-Script package (KOMA-Script-dependent b
asics and keyval usage)

(C:\Users\t.wiegner\AppData\Local\Programs\MiKTeX\tex/latex/koma-script\scrbase
.sty
Package: scrbase 2023/04/24 v3.40 KOMA-Script package (KOMA-Script-independent 
basics and keyval usage)

(C:\Users\t.wiegner\AppData\Local\Programs\MiKTeX\tex/latex/koma-script\scrlfil
e.sty
Package: scrlfile 2023/04/24 v3.40 KOMA-Script package (file load hooks)

(C:\Users\t.wiegner\AppData\Local\Programs\MiKTeX\tex/latex/koma-script\scrlfil
e-hook.sty
Package: scrlfile-hook 2023/04/24 v3.40 KOMA-Script package (using LaTeX hooks)


(C:\Users\t.wiegner\AppData\Local\Programs\MiKTeX\tex/latex/koma-script\scrlogo
.sty
Package: scrlogo 2023/04/24 v3.40 KOMA-Script package (logo)
)))
(C:\Users\t.wiegner\AppData\Local\Programs\MiKTeX\tex/latex/graphics\keyval.sty
Package: keyval 2022/05/29 v1.15 key=value parser (DPC)
\KV@toks@=\toks17
)
Applying: [2021/05/01] Usage of raw or classic option list on input line 252.
Already applied: [0000/00/00] Usage of raw or classic option list on input line
 368.
))
(C:\Users\t.wiegner\AppData\Local\Programs\MiKTeX\tex/latex/koma-script\tocbasi
c.sty
Package: tocbasic 2023/04/24 v3.40 KOMA-Script package (handling toc-files)
\scr@dte@tocline@numberwidth=\skip48
\scr@dte@tocline@numbox=\box51
)
Package tocbasic Info: omitting babel extension for `toc'
(tocbasic)             because of feature `nobabel' available
(tocbasic)             for `toc' on input line 135.
Package scrreprt Info: You've used standard option `12pt'.
(scrreprt)             This is correct!
(scrreprt)             Internally I'm using `fontsize=12pt'.
(scrreprt)             If you'd like to set the option with \KOMAoptions,
(scrreprt)             you'd have to use `fontsize=12pt' there
(scrreprt)             instead of `12pt', too.
Class scrreprt Info: You've used standard option `oneside'.
(scrreprt)           This is correct!
(scrreprt)           Internally I'm using `twoside=false'.
(scrreprt)           If you'd like to set the option with \KOMAoptions,
(scrreprt)           you'd have to use `twoside=false' there
(scrreprt)           instead of `oneside', too.
Class scrreprt Info: You've used standard option `final'.
(scrreprt)           This is correct!
(scrreprt)           Internally I'm using `draft=false'.
(scrreprt)           If you'd like to set the option with \KOMAoptions,
(scrreprt)           you'd have to use `draft=false' there
(scrreprt)           instead of `final', too.
Class scrreprt Info: File `scrsize12pt.clo' used to setup font sizes on input l
ine 2668.

(C:\Users\t.wiegner\AppData\Local\Programs\MiKTeX\tex/latex/koma-script\scrsize
12pt.clo
File: scrsize12pt.clo 2023/04/24 v3.40 KOMA-Script font size class option (12pt
)
)
(C:\Users\t.wiegner\AppData\Local\Programs\MiKTeX\tex/latex/koma-script\typeare
a.sty
Package: typearea 2023/04/24 v3.40 KOMA-Script package (type area)
\ta@bcor=\skip49
\ta@div=\count185
Package typearea Info: You've used standard option `a4paper'.
(typearea)             This is correct!
(typearea)             Internally I'm using `paper=a4'.
(typearea)             If you'd like to set the option with \KOMAoptions,
(typearea)             you'd have to use `paper=a4' there
(typearea)             instead of `a4paper', too.
Package typearea Info: You've used standard option `oneside'.
(typearea)             This is correct!
(typearea)             Internally I'm using `twoside=false'.
(typearea)             If you'd like to set the option with \KOMAoptions,
(typearea)             you'd have to use `twoside=false' there
(typearea)             instead of `oneside', too.


Package typearea Warning: You've used deprecated option `DIV10'.
(typearea)                Usage of this option indicates an old document
(typearea)                and changes compatibility level using
(typearea)                `DIV=10,version=first,
(typearea)                enabledeprecatedfontcommands' that may result
(typearea)                in further warnings.
(typearea)                If you don't want this, you should simply
(typearea)                replace option `DIV10' by `DIV=10'.

Package typearea Info: Switching compatibility level to `first'.
\ta@hblk=\skip50
\ta@vblk=\skip51
\ta@temp=\skip52
\footheight=\skip53
Package typearea Info: These are the values describing the layout:
(typearea)             DIV  = 10
(typearea)             BCOR = 0.0pt
(typearea)             \paperwidth      = 597.50793pt
(typearea)              \textwidth      = 418.25555pt
(typearea)              DIV departure   = 0%
(typearea)              \evensidemargin = 17.3562pt
(typearea)              \oddsidemargin  = 17.3562pt
(typearea)             \paperheight     = 845.04694pt
(typearea)              \textheight     = 592.0pt
(typearea)              \topmargin      = -27.6403pt
(typearea)              \headheight     = 18.125pt
(typearea)              \headsep        = 21.75pt
(typearea)              \topskip        = 12.0pt
(typearea)              \footskip       = 50.75pt
(typearea)              \baselineskip   = 14.5pt
(typearea)              on input line 1798.
)
\c@part=\count186
\c@chapter=\count187
\c@section=\count188
\c@subsection=\count189
\c@subsubsection=\count190
\c@paragraph=\count191
\c@subparagraph=\count192
\scr@dte@chapter@maxnumwidth=\skip54
Class scrreprt Info: using compatibility default `afterindent=bysign'
(scrreprt)           for `\chapter on input line 5961.
\scr@dte@section@maxnumwidth=\skip55
Class scrreprt Info: using compatibility default `runin=bysign'
(scrreprt)           for `\section on input line 5972.
Class scrreprt Info: using compatibility default `afterindent=bysign'
(scrreprt)           for `\section on input line 5972.
\scr@dte@part@maxnumwidth=\skip56
Class scrreprt Info: using compatibility default `afterindent=true'
(scrreprt)           for `\part on input line 5981.
\scr@dte@subsection@maxnumwidth=\skip57
Class scrreprt Info: using compatibility default `runin=bysign'
(scrreprt)           for `\subsection on input line 5991.
Class scrreprt Info: using compatibility default `afterindent=bysign'
(scrreprt)           for `\subsection on input line 5991.
\scr@dte@subsubsection@maxnumwidth=\skip58
Class scrreprt Info: using compatibility default `runin=bysign'
(scrreprt)           for `\subsubsection on input line 6001.
Class scrreprt Info: using compatibility default `afterindent=bysign'
(scrreprt)           for `\subsubsection on input line 6001.
\scr@dte@paragraph@maxnumwidth=\skip59
Class scrreprt Info: using compatibility default `runin=bysign'
(scrreprt)           for `\paragraph on input line 6012.
Class scrreprt Info: using compatibility default `afterindent=bysign'
(scrreprt)           for `\paragraph on input line 6012.
\scr@dte@subparagraph@maxnumwidth=\skip60
Class scrreprt Info: using compatibility default `runin=bysign'
(scrreprt)           for `\subparagraph on input line 6022.
Class scrreprt Info: using compatibility default `afterindent=bysign'
(scrreprt)           for `\subparagraph on input line 6022.
\abovecaptionskip=\skip61
\belowcaptionskip=\skip62
\c@pti@nb@sid@b@x=\box52
Package tocbasic Info: omitting babel extension for `lof'
(tocbasic)             because of feature `nobabel' available
(tocbasic)             for `lof' on input line 7199.
\scr@dte@figure@maxnumwidth=\skip63
\c@figure=\count193
Package tocbasic Info: omitting babel extension for `lot'
(tocbasic)             because of feature `nobabel' available
(tocbasic)             for `lot' on input line 7216.
\scr@dte@table@maxnumwidth=\skip64
\c@table=\count194
Class scrreprt Info: Redefining `\numberline' on input line 7387.
\bibindent=\dimen140
)
(C:\Users\t.wiegner\AppData\Local\Programs\MiKTeX\tex/latex/base\inputenc.sty
Package: inputenc 2021/02/14 v1.3d Input encoding file
\inpenc@prehook=\toks18
\inpenc@posthook=\toks19
)
(C:\Users\t.wiegner\AppData\Local\Programs\MiKTeX\tex/latex/base\fontenc.sty
Package: fontenc 2021/04/29 v2.0v Standard LaTeX package
)
(Meta.tex) (Packages.tex
(C:\Users\t.wiegner\AppData\Local\Programs\MiKTeX\tex/latex/koma-script\scrlaye
r-scrpage.sty
Package: scrlayer-scrpage 2023/04/24 v3.40 KOMA-Script package (end user interf
ace for scrlayer)

(C:\Users\t.wiegner\AppData\Local\Programs\MiKTeX\tex/latex/koma-script\scrlaye
r.sty
Package: scrlayer 2023/04/24 v3.40 KOMA-Script package (defining layers and pag
e styles)
Package scrlayer Info: patching LaTeX kernel macro \pagestyle on input line 217
6.
)
Package scrlayer-scrpage Info: Makeing stand-alone element `pagehead' from
(scrlayer-scrpage)             alias to `pageheadfoot' on input line 1097.
)
1: section
1: chapter
1: chapter
1: section
(C:\Users\t.wiegner\AppData\Local\Programs\MiKTeX\tex/generic/babel\babel.sty
Package: babel 2023/05/11 v3.89 The Babel package
\babel@savecnt=\count195
\U@D=\dimen141
\l@unhyphenated=\language79

(C:\Users\t.wiegner\AppData\Local\Programs\MiKTeX\tex/generic/babel\txtbabel.de
f)
\bbl@readstream=\read2
\bbl@dirlevel=\count196

*************************************
* Local config file bblopts.cfg used
*
(C:\Users\t.wiegner\AppData\Local\Programs\MiKTeX\tex/latex/arabi\bblopts.cfg
File: bblopts.cfg 2005/09/08 v0.1 add Arabic and Farsi to "declared" options of
 babel
)
(C:\Users\t.wiegner\AppData\Local\Programs\MiKTeX\tex/latex/babel-german\ngerma
n.ldf
Language: ngerman 2021/02/27 v2.13 German support for babel (post-1996 orthogra
phy)

(C:\Users\t.wiegner\AppData\Local\Programs\MiKTeX\tex/latex/babel-german\ngerma
nb.ldf
Language: ngermanb 2021/02/27 v2.13 German support for babel (post-1996 orthogr
aphy)
Package babel Info: Making " an active character on input line 122.
)))
(C:\Users\t.wiegner\AppData\Local\Programs\MiKTeX\tex/generic/babel/locale/de\b
abel-ngerman.tex
Package babel Info: Importing font and identification data for ngerman
(babel)             from babel-de.ini. Reported on input line 11.
)
(C:\Users\t.wiegner\AppData\Local\Programs\MiKTeX\tex/latex/base\textcomp.sty
Package: textcomp 2020/02/02 v2.0n Standard LaTeX package
)
(C:\Users\t.wiegner\AppData\Local\Programs\MiKTeX\tex/latex/lm\lmodern.sty
Package: lmodern 2015/05/01 v1.6.1 Latin Modern Fonts
LaTeX Font Info:    Overwriting symbol font `operators' in version `normal'
(Font)                  OT1/cmr/m/n --> OT1/lmr/m/n on input line 22.
LaTeX Font Info:    Overwriting symbol font `letters' in version `normal'
(Font)                  OML/cmm/m/it --> OML/lmm/m/it on input line 23.
LaTeX Font Info:    Overwriting symbol font `symbols' in version `normal'
(Font)                  OMS/cmsy/m/n --> OMS/lmsy/m/n on input line 24.
LaTeX Font Info:    Overwriting symbol font `largesymbols' in version `normal'
(Font)                  OMX/cmex/m/n --> OMX/lmex/m/n on input line 25.
LaTeX Font Info:    Overwriting symbol font `operators' in version `bold'
(Font)                  OT1/cmr/bx/n --> OT1/lmr/bx/n on input line 26.
LaTeX Font Info:    Overwriting symbol font `letters' in version `bold'
(Font)                  OML/cmm/b/it --> OML/lmm/b/it on input line 27.
LaTeX Font Info:    Overwriting symbol font `symbols' in version `bold'
(Font)                  OMS/cmsy/b/n --> OMS/lmsy/b/n on input line 28.
LaTeX Font Info:    Overwriting symbol font `largesymbols' in version `bold'
(Font)                  OMX/cmex/m/n --> OMX/lmex/m/n on input line 29.
LaTeX Font Info:    Overwriting math alphabet `\mathbf' in version `normal'
(Font)                  OT1/cmr/bx/n --> OT1/lmr/bx/n on input line 31.
LaTeX Font Info:    Overwriting math alphabet `\mathsf' in version `normal'
(Font)                  OT1/cmss/m/n --> OT1/lmss/m/n on input line 32.
LaTeX Font Info:    Overwriting math alphabet `\mathit' in version `normal'
(Font)                  OT1/cmr/m/it --> OT1/lmr/m/it on input line 33.
LaTeX Font Info:    Overwriting math alphabet `\mathtt' in version `normal'
(Font)                  OT1/cmtt/m/n --> OT1/lmtt/m/n on input line 34.
LaTeX Font Info:    Overwriting math alphabet `\mathbf' in version `bold'
(Font)                  OT1/cmr/bx/n --> OT1/lmr/bx/n on input line 35.
LaTeX Font Info:    Overwriting math alphabet `\mathsf' in version `bold'
(Font)                  OT1/cmss/bx/n --> OT1/lmss/bx/n on input line 36.
LaTeX Font Info:    Overwriting math alphabet `\mathit' in version `bold'
(Font)                  OT1/cmr/bx/it --> OT1/lmr/bx/it on input line 37.
LaTeX Font Info:    Overwriting math alphabet `\mathtt' in version `bold'
(Font)                  OT1/cmtt/m/n --> OT1/lmtt/m/n on input line 38.
)
(C:\Users\t.wiegner\AppData\Local\Programs\MiKTeX\tex/latex/relsize\relsize.sty
Package: relsize 2013/03/29 ver 4.1
) (C:\Users\t.wiegner\AppData\Local\Programs\MiKTeX\tex/latex/ulem\ulem.sty
\UL@box=\box53
\UL@hyphenbox=\box54
\UL@skip=\skip65
\UL@hook=\toks20
\UL@height=\dimen142
\UL@pe=\count197
\UL@pixel=\dimen143
\ULC@box=\box55
Package: ulem 2019/11/18
\ULdepth=\dimen144
)
(C:\Users\t.wiegner\AppData\Local\Programs\MiKTeX\tex/latex/graphics\graphicx.s
ty
Package: graphicx 2021/09/16 v1.2d Enhanced LaTeX Graphics (DPC,SPQR)

(C:\Users\t.wiegner\AppData\Local\Programs\MiKTeX\tex/latex/graphics\graphics.s
ty
Package: graphics 2022/03/10 v1.4e Standard LaTeX Graphics (DPC,SPQR)

(C:\Users\t.wiegner\AppData\Local\Programs\MiKTeX\tex/latex/graphics\trig.sty
Package: trig 2021/08/11 v1.11 sin cos tan (DPC)
)
(C:\Users\t.wiegner\AppData\Local\Programs\MiKTeX\tex/latex/graphics-cfg\graphi
cs.cfg
File: graphics.cfg 2016/06/04 v1.11 sample graphics configuration
)
Package graphics Info: Driver file: dvips.def on input line 107.

(C:\Users\t.wiegner\AppData\Local\Programs\MiKTeX\tex/latex/graphics-def\dvips.
def
File: dvips.def 2022/09/22 v3.1e Graphics/color driver for dvips
))
\Gin@req@height=\dimen145
\Gin@req@width=\dimen146
)
(C:\Users\t.wiegner\AppData\Local\Programs\MiKTeX\tex/latex/amsmath\amsmath.sty
Package: amsmath 2023/05/13 v2.17o AMS math features
\@mathmargin=\skip66
For additional information on amsmath, use the `?' option.

(C:\Users\t.wiegner\AppData\Local\Programs\MiKTeX\tex/latex/amsmath\amstext.sty
Package: amstext 2021/08/26 v2.01 AMS text
(C:\Users\t.wiegner\AppData\Local\Programs\MiKTeX\tex/latex/amsmath\amsgen.sty
File: amsgen.sty 1999/11/30 v2.0 generic functions
\@emptytoks=\toks21
\ex@=\dimen147
))
(C:\Users\t.wiegner\AppData\Local\Programs\MiKTeX\tex/latex/amsmath\amsbsy.sty
Package: amsbsy 1999/11/29 v1.2d Bold Symbols
\pmbraise@=\dimen148
) (C:\Users\t.wiegner\AppData\Local\Programs\MiKTeX\tex/latex/amsmath\amsopn.st
y
Package: amsopn 2022/04/08 v2.04 operator names
)
\inf@bad=\count198
LaTeX Info: Redefining \frac on input line 234.
\uproot@=\count199
\leftroot@=\count266
LaTeX Info: Redefining \overline on input line 399.
LaTeX Info: Redefining \colon on input line 410.
\classnum@=\count267
\DOTSCASE@=\count268
LaTeX Info: Redefining \ldots on input line 496.
LaTeX Info: Redefining \dots on input line 499.
LaTeX Info: Redefining \cdots on input line 620.
\Mathstrutbox@=\box56
\strutbox@=\box57
LaTeX Info: Redefining \big on input line 722.
LaTeX Info: Redefining \Big on input line 723.
LaTeX Info: Redefining \bigg on input line 724.
LaTeX Info: Redefining \Bigg on input line 725.
\big@size=\dimen149
LaTeX Font Info:    Redeclaring font encoding OML on input line 743.
LaTeX Font Info:    Redeclaring font encoding OMS on input line 744.
\macc@depth=\count269
LaTeX Info: Redefining \bmod on input line 905.
LaTeX Info: Redefining \pmod on input line 910.
LaTeX Info: Redefining \smash on input line 940.
LaTeX Info: Redefining \relbar on input line 970.
LaTeX Info: Redefining \Relbar on input line 971.
\c@MaxMatrixCols=\count270
\dotsspace@=\muskip16
\c@parentequation=\count271
\dspbrk@lvl=\count272
\tag@help=\toks22
\row@=\count273
\column@=\count274
\maxfields@=\count275
\andhelp@=\toks23
\eqnshift@=\dimen150
\alignsep@=\dimen151
\tagshift@=\dimen152
\tagwidth@=\dimen153
\totwidth@=\dimen154
\lineht@=\dimen155
\@envbody=\toks24
\multlinegap=\skip67
\multlinetaggap=\skip68
\mathdisplay@stack=\toks25
LaTeX Info: Redefining \[ on input line 2953.
LaTeX Info: Redefining \] on input line 2954.
)
(C:\Users\t.wiegner\AppData\Local\Programs\MiKTeX\tex/latex/amsfonts\amsfonts.s
ty
Package: amsfonts 2013/01/14 v3.01 Basic AMSFonts support
\symAMSa=\mathgroup4
\symAMSb=\mathgroup5
LaTeX Font Info:    Redeclaring math symbol \hbar on input line 98.
LaTeX Font Info:    Overwriting math alphabet `\mathfrak' in version `bold'
(Font)                  U/euf/m/n --> U/euf/b/n on input line 106.
)
(C:\Users\t.wiegner\AppData\Local\Programs\MiKTeX\tex/latex/eurosym\eurosym.sty
Package: eurosym 1998/08/06 v1.1 European currency symbol ``Euro''
\@eurobox=\box58
)
(C:\Users\t.wiegner\AppData\Local\Programs\MiKTeX\tex/latex/wasysym\wasysym.sty
Package: wasysym 2020/01/19 v2.4 Wasy-2 symbol support package
\symwasy=\mathgroup6
LaTeX Font Info:    Overwriting symbol font `wasy' in version `bold'
(Font)                  U/wasy/m/n --> U/wasy/b/n on input line 93.
) (C:\Users\t.wiegner\AppData\Local\Programs\MiKTeX\tex/latex/base\makeidx.sty
Package: makeidx 2021/10/04 v1.0m Standard LaTeX package
)
(C:\Users\t.wiegner\AppData\Local\Programs\MiKTeX\tex/latex/setspace\setspace.s
ty
Package: setspace 2022/12/04 v6.7b set line spacing
)
(C:\Users\t.wiegner\AppData\Local\Programs\MiKTeX\tex/latex/geometry\geometry.s
ty
Package: geometry 2020/01/02 v5.9 Page Geometry

(C:\Users\t.wiegner\AppData\Local\Programs\MiKTeX\tex/generic/iftex\ifvtex.sty
Package: ifvtex 2019/10/25 v1.7 ifvtex legacy package. Use iftex instead.

(C:\Users\t.wiegner\AppData\Local\Programs\MiKTeX\tex/generic/iftex\iftex.sty
Package: iftex 2022/02/03 v1.0f TeX engine tests
))
\Gm@cnth=\count276
\Gm@cntv=\count277
\c@Gm@tempcnt=\count278
\Gm@bindingoffset=\dimen156
\Gm@wd@mp=\dimen157
\Gm@odd@mp=\dimen158
\Gm@even@mp=\dimen159
\Gm@layoutwidth=\dimen160
\Gm@layoutheight=\dimen161
\Gm@layouthoffset=\dimen162
\Gm@layoutvoffset=\dimen163
\Gm@dimlist=\toks26

(C:\Users\t.wiegner\AppData\Local\Programs\MiKTeX\tex/latex/geometry\geometry.c
fg))
(C:\Users\t.wiegner\AppData\Local\Programs\MiKTeX\tex/latex/tools\tabularx.sty
Package: tabularx 2020/01/15 v2.11c `tabularx' package (DPC)

(C:\Users\t.wiegner\AppData\Local\Programs\MiKTeX\tex/latex/tools\array.sty
Package: array 2022/09/04 v2.5g Tabular extension package (FMi)
\col@sep=\dimen164
\ar@mcellbox=\box59
\extrarowheight=\dimen165
\NC@list=\toks27
\extratabsurround=\skip69
\backup@length=\skip70
\ar@cellbox=\box60
)
\TX@col@width=\dimen166
\TX@old@table=\dimen167
\TX@old@col=\dimen168
\TX@target=\dimen169
\TX@delta=\dimen170
\TX@cols=\count279
\TX@ftn=\toks28
)
(C:\Users\t.wiegner\AppData\Local\Programs\MiKTeX\tex/latex/xcolor\xcolor.sty
Package: xcolor 2022/06/12 v2.14 LaTeX color extensions (UK)

(C:\Users\t.wiegner\AppData\Local\Programs\MiKTeX\tex/latex/graphics-cfg\color.
cfg
File: color.cfg 2016/01/02 v1.6 sample color configuration
)
Package xcolor Info: Driver file: pdftex.def on input line 227.

(C:\Users\t.wiegner\AppData\Local\Programs\MiKTeX\tex/latex/graphics-def\pdftex
.def
File: pdftex.def 2022/09/22 v1.2b Graphics/color driver for pdftex
)
(C:\Users\t.wiegner\AppData\Local\Programs\MiKTeX\tex/latex/graphics\mathcolor.
ltx)
Package xcolor Info: Model `cmy' substituted by `cmy0' on input line 1353.
Package xcolor Info: Model `RGB' extended on input line 1369.
Package xcolor Info: Model `HTML' substituted by `rgb' on input line 1371.
Package xcolor Info: Model `Hsb' substituted by `hsb' on input line 1372.
Package xcolor Info: Model `tHsb' substituted by `hsb' on input line 1373.
Package xcolor Info: Model `HSB' substituted by `hsb' on input line 1374.
Package xcolor Info: Model `Gray' substituted by `gray' on input line 1375.
Package xcolor Info: Model `wave' substituted by `hsb' on input line 1376.
)
(C:\Users\t.wiegner\AppData\Local\Programs\MiKTeX\tex/latex/qrcode\qrcode.sty
Package: qrcode 2015/01/08 v1.51 QR code generation

(C:\Users\t.wiegner\AppData\Local\Programs\MiKTeX\tex/latex/xkeyval\xkeyval.sty
Package: xkeyval 2022/06/16 v2.9 package option processing (HA)

(C:\Users\t.wiegner\AppData\Local\Programs\MiKTeX\tex/generic/xkeyval\xkeyval.t
ex
(C:\Users\t.wiegner\AppData\Local\Programs\MiKTeX\tex/generic/xkeyval\xkvutils.
tex
\XKV@toks=\toks29
\XKV@tempa@toks=\toks30
)
\XKV@depth=\count280
File: xkeyval.tex 2014/12/03 v2.7a key=value parser (HA)
))
\c@qr@i=\count281
\c@qr@j=\count282
\qr@a=\count283
\qr@b=\count284
\qr@c=\count285
\qr@for@depth=\count286
\qr@for@maxdepth=\count287
\qr@for@start=\count288
\qr@for@end=\count289
\qr@for@step=\count290
\qr@newforcount=\count291
\qr@newforcount=\count292
\qr@desiredheight=\skip71
\qr@modulesize=\skip72
\qr@minipagewidth=\skip73
\c@maski=\count293
\c@maskj=\count294
\c@totalones=\count295
\c@penaltyi=\count296
\c@penaltyii=\count297
\c@penaltyiii=\count298
\c@penaltyiv=\count299
\c@qr@hexchars=\count300
\qr@newforcount=\count301
\c@qr@divisionsremaining=\count302
)
(C:\Users\t.wiegner\AppData\Local\Programs\MiKTeX\tex/latex/glossaries-extra\gl
ossaries-extra.sty
Package: glossaries-extra 2023/06/28 v1.52 (NLCT)

(C:\Users\t.wiegner\AppData\Local\Programs\MiKTeX\tex/latex/etoolbox\etoolbox.s
ty
Package: etoolbox 2020/10/05 v2.5k e-TeX tools for LaTeX (JAW)
\etb@tempcnta=\count303
)
(C:\Users\t.wiegner\AppData\Local\Programs\MiKTeX\tex/latex/glossaries/base\glo
ssaries.sty
Package: glossaries 2022/11/03 v4.52 (NLCT)

(C:\Users\t.wiegner\AppData\Local\Programs\MiKTeX\tex/latex/base\ifthen.sty
Package: ifthen 2022/04/13 v1.1d Standard LaTeX ifthen package (DPC)
)
(C:\Users\t.wiegner\AppData\Local\Programs\MiKTeX\tex/latex/mfirstuc\mfirstuc.s
ty
Package: mfirstuc 2022/10/14 v2.08 (NLCT)
\@glsmfirst=\toks31
\@glsmrest=\toks32
) (C:\Users\t.wiegner\AppData\Local\Programs\MiKTeX\tex/latex/xfor\xfor.sty
Package: xfor 2009/02/05 v1.05 (NLCT)
)
(C:\Users\t.wiegner\AppData\Local\Programs\MiKTeX\tex/latex/datatool\datatool-b
ase.sty
Package: datatool-base 2019/09/27 v2.32 (NLCT)

(C:\Users\t.wiegner\AppData\Local\Programs\MiKTeX\tex/latex/substr\substr.sty
Package: substr 2009/10/20 v1.2 Handle substrings
\c@su@anzahl=\count304
)
(C:\Users\t.wiegner\AppData\Local\Programs\MiKTeX\tex/latex/datatool\datatool-f
p.sty
Package: datatool-fp 2019/09/27 v2.32 (NLCT)
 (C:\Users\t.wiegner\AppData\Local\Programs\MiKTeX\tex/latex/fp\fp.sty
Package: fp 1995/04/02

`Fixed Point Package', Version 0.8, April 2, 1995 (C) Michael Mehlich
(C:\Users\t.wiegner\AppData\Local\Programs\MiKTeX\tex/latex/fp\defpattern.sty
Package: defpattern 1994/10/12
\actioncount=\count305
)
(C:\Users\t.wiegner\AppData\Local\Programs\MiKTeX\tex/latex/fp\fp-basic.sty
Package: fp-basic 1996/05/13
\FP@xs=\count306
\FP@xia=\count307
\FP@xib=\count308
\FP@xfa=\count309
\FP@xfb=\count310
\FP@rega=\count311
\FP@regb=\count312
\FP@regs=\count313
\FP@times=\count314
)
(C:\Users\t.wiegner\AppData\Local\Programs\MiKTeX\tex/latex/fp\fp-addons.sty
Package: fp-addons 1995/03/15
)
(C:\Users\t.wiegner\AppData\Local\Programs\MiKTeX\tex/latex/fp\fp-snap.sty
Package: fp-snap 1995/04/05
)
(C:\Users\t.wiegner\AppData\Local\Programs\MiKTeX\tex/latex/fp\fp-exp.sty
Package: fp-exp 1995/04/03
)
(C:\Users\t.wiegner\AppData\Local\Programs\MiKTeX\tex/latex/fp\fp-trigo.sty
Package: fp-trigo 1995/04/14
)
(C:\Users\t.wiegner\AppData\Local\Programs\MiKTeX\tex/latex/fp\fp-pas.sty
Package: fp-pas 1994/08/29
)
(C:\Users\t.wiegner\AppData\Local\Programs\MiKTeX\tex/latex/fp\fp-random.sty
Package: fp-random 1995/02/23
\FPseed=\count315
)
(C:\Users\t.wiegner\AppData\Local\Programs\MiKTeX\tex/latex/fp\fp-eqn.sty
Package: fp-eqn 1995/04/03
)
(C:\Users\t.wiegner\AppData\Local\Programs\MiKTeX\tex/latex/fp\fp-upn.sty
Package: fp-upn 1996/10/21
)
(C:\Users\t.wiegner\AppData\Local\Programs\MiKTeX\tex/latex/fp\fp-eval.sty
Package: fp-eval 1995/04/03
)))
\@dtl@toks=\toks33
\@dtl@tmpcount=\count316
\dtl@tmplength=\skip74
\dtl@sortresult=\count317
\@dtl@numgrpsepcount=\count318
\@dtl@datatype=\count319
\dtl@codeA=\count320
\dtl@codeB=\count321
\@dtl@foreach@level=\count322
)
(C:\Users\t.wiegner\AppData\Local\Programs\MiKTeX\tex/latex/tracklang\tracklang
.sty
Package: tracklang 2022/12/13 v1.6.1 (NLCT) Track Languages

(C:\Users\t.wiegner\AppData\Local\Programs\MiKTeX\tex/generic/tracklang\trackla
ng.tex))
(C:\Users\t.wiegner\AppData\Local\Programs\MiKTeX\tex/latex/glossaries-german\g
lossaries-german.ldf
File: glossaries-german.ldf 2014/11/23 v1.0
)
\gls@level=\count323
\@gls@tmpb=\toks34
\gls@tmplen=\skip75
\glskeylisttok=\toks35
\glslabeltok=\toks36
\glsshorttok=\toks37
\glslongtok=\toks38

(C:\Users\t.wiegner\AppData\Local\Programs\MiKTeX\tex/latex/glossaries/styles\g
lossary-hypernav.sty
Package: glossary-hypernav 2022/11/03 v4.52 (NLCT)
)
(C:\Users\t.wiegner\AppData\Local\Programs\MiKTeX\tex/latex/glossaries/styles\g
lossary-list.sty
Package: glossary-list 2022/11/03 v4.52 (NLCT)
\glslistdottedwidth=\skip76
)
(C:\Users\t.wiegner\AppData\Local\Programs\MiKTeX\tex/latex/glossaries/styles\g
lossary-long.sty
Package: glossary-long 2022/11/03 v4.52 (NLCT)

(C:\Users\t.wiegner\AppData\Local\Programs\MiKTeX\tex/latex/tools\longtable.sty
Package: longtable 2021-09-01 v4.17 Multi-page Table package (DPC)
\LTleft=\skip77
\LTright=\skip78
\LTpre=\skip79
\LTpost=\skip80
\LTchunksize=\count324
\LTcapwidth=\dimen171
\LT@head=\box61
\LT@firsthead=\box62
\LT@foot=\box63
\LT@lastfoot=\box64
\LT@gbox=\box65
\LT@cols=\count325
\LT@rows=\count326
\c@LT@tables=\count327
\c@LT@chunks=\count328
\LT@p@ftn=\toks39
)
Class scrreprt Info: longtable captions redefined on input line 47.
\glsdescwidth=\skip81
\glspagelistwidth=\skip82
)
(C:\Users\t.wiegner\AppData\Local\Programs\MiKTeX\tex/latex/glossaries/styles\g
lossary-super.sty
Package: glossary-super 2022/11/03 v4.52 (NLCT)

(C:\Users\t.wiegner\AppData\Local\Programs\MiKTeX\tex/latex/supertabular\supert
abular.sty
Package: supertabular 2020/02/02 v4.1g the supertabular environment
\c@tracingst=\count329
\ST@wd=\dimen172
\ST@rightskip=\skip83
\ST@leftskip=\skip84
\ST@parfillskip=\skip85
\ST@pageleft=\dimen173
\ST@headht=\dimen174
\ST@tailht=\dimen175
\ST@pagesofar=\dimen176
\ST@pboxht=\dimen177
\ST@lineht=\dimen178
\ST@prevht=\dimen179
\ST@toadd=\dimen180
\ST@dimen=\dimen181
\ST@pbox=\box66
))
(C:\Users\t.wiegner\AppData\Local\Programs\MiKTeX\tex/latex/glossaries/styles\g
lossary-tree.sty
Package: glossary-tree 2022/11/03 v4.52 (NLCT)
\glstreeindent=\skip86
))
\@glsxtr@leveloffset=\count330
\glsxtrresourcecount=\count331
\@glsxtrnewgls@inner=\count332
\glsshortpltok=\toks40
\glslongpltok=\toks41

(C:\Users\t.wiegner\AppData\Local\Programs\MiKTeX\tex/latex/glossaries-extra\gl
ossaries-extra-abbrstyles.def
File: glossaries-extra-abbrstyles.def 2023/06/28 v1.52 (NLCT)
)
\mglselementindex=\count333
)
(C:\Users\t.wiegner\AppData\Local\Programs\MiKTeX\tex/latex/nomencl\nomencl.sty
Package: nomencl 2021/11/10 v5.6 Nomenclature package
Package tocbasic Info: setting babel extension for `nlo' on input line 187.
Package tocbasic Info: setting babel extension for `nls' on input line 188.
\nomlabelwidth=\dimen182
\nom@tempdim=\dimen183
\nomitemsep=\skip87
)
(C:\Users\t.wiegner\AppData\Local\Programs\MiKTeX\tex/latex/floatflt\floatflt.s
ty
Package: floatflt 1997/07/16 v. 1.31
\c@OptionTest=\count334
\figbox=\box67
\tabbox=\box68
\pagebox=\box69
\ffigcount=\count335
\ftabcount=\count336
\fftest=\count337
\hangcount=\count338
\nosuccesstryfig=\count339
\nosuccesstrytab=\count340
\figgutter=\dimen184
\tabgutter=\dimen185
\htdone=\dimen186
\pageht=\dimen187
\startpageht=\dimen188
\tabbredd=\dimen189
\floatfltwidth=\dimen190
\fltitemwidth=\dimen191
\outputpretest=\toks42
)
(C:\Users\t.wiegner\AppData\Local\Programs\MiKTeX\tex/latex/subfigure\subfigure
.sty
Package: subfigure 2002/07/30 v2.1.4 subfigure package
\subfigtopskip=\skip88
\subfigcapskip=\skip89
\subfigcaptopadj=\dimen192
\subfigbottomskip=\skip90
\subfigcapmargin=\dimen193
\subfiglabelskip=\skip91
\c@subfigure=\count341
\c@lofdepth=\count342
\c@subtable=\count343
\c@lotdepth=\count344

****************************************
* Local config file subfigure.cfg used *
****************************************

(C:\Users\t.wiegner\AppData\Local\Programs\MiKTeX\tex/latex/subfigure\subfigure
.cfg)
\subfig@top=\skip92
\subfig@bottom=\skip93
)
(C:\Users\t.wiegner\AppData\Local\Programs\MiKTeX\tex/latex/listings\listings.s
ty
\lst@mode=\count345
\lst@gtempboxa=\box70
\lst@token=\toks43
\lst@length=\count346
\lst@currlwidth=\dimen194
\lst@column=\count347
\lst@pos=\count348
\lst@lostspace=\dimen195
\lst@width=\dimen196
\lst@newlines=\count349
\lst@lineno=\count350
\lst@maxwidth=\dimen197

(C:\Users\t.wiegner\AppData\Local\Programs\MiKTeX\tex/latex/listings\lstmisc.st
y
File: lstmisc.sty 2023/02/27 1.9 (Carsten Heinz)
\c@lstnumber=\count351
\lst@skipnumbers=\count352
\lst@framebox=\box71
)
(C:\Users\t.wiegner\AppData\Local\Programs\MiKTeX\tex/latex/listings\listings.c
fg
File: listings.cfg 2023/02/27 1.9 listings configuration
))
Package: listings 2023/02/27 1.9 (Carsten Heinz)
 (C:\Users\t.wiegner\AppData\Local\Programs\MiKTeX\tex/latex/url\url.sty
\Urlmuskip=\muskip17
Package: url 2013/09/16  ver 3.4  Verb mode for urls, etc.
)
(C:\Users\t.wiegner\AppData\Local\Programs\MiKTeX\tex/latex/natbib\natbib.sty
Package: natbib 2010/09/13 8.31b (PWD, AO)
\bibhang=\skip94
\bibsep=\skip95
LaTeX Info: Redefining \cite on input line 694.
\c@NAT@ctr=\count353

Local config file natbib.cfg used
(natbib.cfg))
(C:\Users\t.wiegner\AppData\Local\Programs\MiKTeX\tex/latex/hyperref\hyperref.s
ty
Package: hyperref 2023-05-16 v7.00y Hypertext links for LaTeX

(C:\Users\t.wiegner\AppData\Local\Programs\MiKTeX\tex/generic/ltxcmds\ltxcmds.s
ty
Package: ltxcmds 2020-05-10 v1.25 LaTeX kernel commands for general use (HO)
)
(C:\Users\t.wiegner\AppData\Local\Programs\MiKTeX\tex/generic/pdftexcmds\pdftex
cmds.sty
Package: pdftexcmds 2020-06-27 v0.33 Utility functions of pdfTeX for LuaTeX (HO
)

(C:\Users\t.wiegner\AppData\Local\Programs\MiKTeX\tex/generic/infwarerr\infware
rr.sty
Package: infwarerr 2019/12/03 v1.5 Providing info/warning/error messages (HO)
)
Package pdftexcmds Info: \pdf@primitive is available.
Package pdftexcmds Info: \pdf@ifprimitive is available.
Package pdftexcmds Info: \pdfdraftmode found.
)
(C:\Users\t.wiegner\AppData\Local\Programs\MiKTeX\tex/latex/kvsetkeys\kvsetkeys
.sty
Package: kvsetkeys 2022-10-05 v1.19 Key value parser (HO)
)
(C:\Users\t.wiegner\AppData\Local\Programs\MiKTeX\tex/generic/kvdefinekeys\kvde
finekeys.sty
Package: kvdefinekeys 2019-12-19 v1.6 Define keys (HO)
)
(C:\Users\t.wiegner\AppData\Local\Programs\MiKTeX\tex/generic/pdfescape\pdfesca
pe.sty
Package: pdfescape 2019/12/09 v1.15 Implements pdfTeX's escape features (HO)
)
(C:\Users\t.wiegner\AppData\Local\Programs\MiKTeX\tex/latex/hycolor\hycolor.sty
Package: hycolor 2020-01-27 v1.10 Color options for hyperref/bookmark (HO)
)
(C:\Users\t.wiegner\AppData\Local\Programs\MiKTeX\tex/latex/letltxmacro\letltxm
acro.sty
Package: letltxmacro 2019/12/03 v1.6 Let assignment for LaTeX macros (HO)
)
(C:\Users\t.wiegner\AppData\Local\Programs\MiKTeX\tex/latex/auxhook\auxhook.sty
Package: auxhook 2019-12-17 v1.6 Hooks for auxiliary files (HO)
)
(C:\Users\t.wiegner\AppData\Local\Programs\MiKTeX\tex/latex/hyperref\nameref.st
y
Package: nameref 2023-05-16 v2.51 Cross-referencing by name of section

(C:\Users\t.wiegner\AppData\Local\Programs\MiKTeX\tex/latex/refcount\refcount.s
ty
Package: refcount 2019/12/15 v3.6 Data extraction from label references (HO)
)
(C:\Users\t.wiegner\AppData\Local\Programs\MiKTeX\tex/generic/gettitlestring\ge
ttitlestring.sty
Package: gettitlestring 2019/12/15 v1.6 Cleanup title references (HO)

(C:\Users\t.wiegner\AppData\Local\Programs\MiKTeX\tex/latex/kvoptions\kvoptions
.sty
Package: kvoptions 2022-06-15 v3.15 Key value format for package options (HO)
))
\c@section@level=\count354
)
\@linkdim=\dimen198
\Hy@linkcounter=\count355
\Hy@pagecounter=\count356

(C:\Users\t.wiegner\AppData\Local\Programs\MiKTeX\tex/latex/hyperref\pd1enc.def
File: pd1enc.def 2023-05-16 v7.00y Hyperref: PDFDocEncoding definition (HO)
Now handling font encoding PD1 ...
... no UTF-8 mapping file for font encoding PD1
)
(C:\Users\t.wiegner\AppData\Local\Programs\MiKTeX\tex/generic/intcalc\intcalc.s
ty
Package: intcalc 2019/12/15 v1.3 Expandable calculations with integers (HO)
)
\Hy@SavedSpaceFactor=\count357

(C:\Users\t.wiegner\AppData\Local\Programs\MiKTeX\tex/latex/hyperref\puenc.def
File: puenc.def 2023-05-16 v7.00y Hyperref: PDF Unicode definition (HO)
Now handling font encoding PU ...
... no UTF-8 mapping file for font encoding PU
)
Package hyperref Info: Option `final' set `true' on input line 4050.
Package hyperref Info: Option `bookmarks' set `true' on input line 4050.
Package hyperref Info: Option `bookmarksopen' set `true' on input line 4050.
Package hyperref Info: Option `colorlinks' set `true' on input line 4050.
Package hyperref Info: Option `plainpages' set `false' on input line 4050.
Package hyperref Info: Option `pdfpagelabels' set `true' on input line 4050.
Package hyperref Info: Option `hypertexnames' set `false' on input line 4050.
Package hyperref Info: Option `linktocpage' set `true' on input line 4050.
Package hyperref Info: Hyper figures OFF on input line 4167.
Package hyperref Info: Link nesting OFF on input line 4172.
Package hyperref Info: Hyper index ON on input line 4175.
Package hyperref Info: Plain pages OFF on input line 4182.
Package hyperref Info: Backreferencing ON on input line 4185.
Package hyperref Info: Implicit mode ON; LaTeX internals redefined.
Package hyperref Info: Bookmarks ON on input line 4434.

(C:\Users\t.wiegner\AppData\Local\Programs\MiKTeX\tex/latex/hyperref\backref.st
y
Package: backref 2023/04/20 v1.42 Bibliographical back referencing

(C:\Users\t.wiegner\AppData\Local\Programs\MiKTeX\tex/latex/rerunfilecheck\reru
nfilecheck.sty
Package: rerunfilecheck 2022-07-10 v1.10 Rerun checks for auxiliary files (HO)

(C:\Users\t.wiegner\AppData\Local\Programs\MiKTeX\tex/latex/base\atveryend-ltx.
sty
Package: atveryend-ltx 2020/08/19 v1.0a Emulation of the original atveryend pac
kage
with kernel methods
)
(C:\Users\t.wiegner\AppData\Local\Programs\MiKTeX\tex/generic/uniquecounter\uni
quecounter.sty
Package: uniquecounter 2019/12/15 v1.4 Provide unlimited unique counter (HO)

(C:\Users\t.wiegner\AppData\Local\Programs\MiKTeX\tex/generic/bigintcalc\bigint
calc.sty
Package: bigintcalc 2019/12/15 v1.5 Expandable calculations on big integers (HO
)
))
Package uniquecounter Info: New unique counter `rerunfilecheck' on input line 2
85.
))
\c@Hy@tempcnt=\count358
LaTeX Info: Redefining \url on input line 4772.
\XeTeXLinkMargin=\dimen199

(C:\Users\t.wiegner\AppData\Local\Programs\MiKTeX\tex/generic/bitset\bitset.sty
Package: bitset 2019/12/09 v1.3 Handle bit-vector datatype (HO)
)
\Fld@menulength=\count359
\Field@Width=\dimen256
\Fld@charsize=\dimen257
Package hyperref Info: Hyper figures OFF on input line 6051.
Package hyperref Info: Link nesting OFF on input line 6056.
Package hyperref Info: Hyper index ON on input line 6059.
Package hyperref Info: backreferencing ON on input line 6064.
Package hyperref Info: Link coloring ON on input line 6069.
Package hyperref Info: Link coloring with OCG OFF on input line 6076.
Package hyperref Info: PDF/A mode OFF on input line 6081.

(C:\Users\t.wiegner\AppData\Local\Programs\MiKTeX\tex/latex/base\atbegshi-ltx.s
ty
Package: atbegshi-ltx 2021/01/10 v1.0c Emulation of the original atbegshi
package with kernel methods
)
\Hy@abspage=\count360
\c@Item=\count361
\c@Hfootnote=\count362
)
Package hyperref Info: Driver (autodetected): hpdftex.

(C:\Users\t.wiegner\AppData\Local\Programs\MiKTeX\tex/latex/hyperref\hpdftex.de
f
File: hpdftex.def 2023-05-16 v7.00y Hyperref driver for pdfTeX
\Fld@listcount=\count363
\c@bookmark@seq@number=\count364
\Hy@SectionHShift=\skip96
)

Package hyperref Warning: Token not allowed in a PDF string (Unicode):
(hyperref)                removing `\@ifnextchar' on input line 232.


Package hyperref Warning: Token not allowed in a PDF string (Unicode):
(hyperref)                removing `\@ifnextchar' on input line 232.


Package hyperref Warning: Token not allowed in a PDF string (Unicode):
(hyperref)                removing `\@ifnextchar' on input line 232.


Package hyperref Warning: Token not allowed in a PDF string (Unicode):
(hyperref)                removing `\@ifnextchar' on input line 232.


Package hyperref Warning: Token not allowed in a PDF string (Unicode):
(hyperref)                removing `\@ifnextchar' on input line 232.


Package hyperref Warning: Token not allowed in a PDF string (Unicode):
(hyperref)                removing `\@ifnextchar' on input line 232.


(C:\Users\t.wiegner\AppData\Local\Programs\MiKTeX\tex/latex/pdfpages\pdfpages.s
ty
Package: pdfpages 2022/12/19 v0.5x Insert pages of external PDF documents (AM)
 (C:\Users\t.wiegner\AppData\Local\Programs\MiKTeX\tex/latex/tools\calc.sty
Package: calc 2017/05/25 v4.3 Infix arithmetic (KKT,FJ)
\calc@Acount=\count365
\calc@Bcount=\count366
\calc@Adimen=\dimen258
\calc@Bdimen=\dimen259
\calc@Askip=\skip97
\calc@Bskip=\skip98
LaTeX Info: Redefining \setlength on input line 80.
LaTeX Info: Redefining \addtolength on input line 81.
\calc@Ccount=\count367
\calc@Cskip=\skip99
)
(C:\Users\t.wiegner\AppData\Local\Programs\MiKTeX\tex/latex/eso-pic\eso-pic.sty
Package: eso-pic 2023/05/03 v3.0c eso-pic (RN)
\ESO@tempdima=\dimen260
\ESO@tempdimb=\dimen261
)
\AM@pagewidth=\dimen262
\AM@pageheight=\dimen263
\AM@fboxrule=\dimen264

(C:\Users\t.wiegner\AppData\Local\Programs\MiKTeX\tex/latex/pdfpages\pppdftex.d
ef
File: pppdftex.def 2022/12/19 v0.5x Pdfpages driver for pdfTeX (AM)
)
\pdfpages@includegraphics@status=\count368
\AM@pagebox=\box72
\AM@global@opts=\toks44
\AM@pagecnt=\count369
\AM@toc@title=\toks45
\AM@lof@heading=\toks46
\c@AM@survey=\count370
\AM@templatesizebox=\box73
)
(C:\Users\t.wiegner\AppData\Local\Programs\MiKTeX\tex/latex/chngcntr\chngcntr.s
ty
Package: chngcntr 2018/04/09 v1.1a change counter resetting
Package chngcntr Info: \counterwithout already defined.
(chngcntr)             Quitting chngcntr on input line 21.
)
(C:\Users\t.wiegner\AppData\Local\Programs\MiKTeX\tex/latex/multirow\multirow.s
ty
Package: multirow 2021/03/15 v2.8 Span multiple rows of a table
\multirow@colwidth=\skip100
\multirow@cntb=\count371
\multirow@dima=\skip101
\bigstrutjot=\dimen265
)
(C:\Users\t.wiegner\AppData\Local\Programs\MiKTeX\tex/latex/carlisle\ltxtable.s
ty
Package: ltxtable 2021/06/13 v0.4 longtable/tabularx merge (DPC)
)
(C:\Users\t.wiegner\AppData\Local\Programs\MiKTeX\tex/latex/filecontents\fileco
ntents.sty
Package: filecontents 2023/04/02 v1.5a Create an external file from within a La
TeX document


Package filecontents Warning: This package is obsolete. Disabling it and
(filecontents)                passing control to the filecontents environment
(filecontents)                defined by the LaTeX kernel.

)
(C:\Users\t.wiegner\AppData\Local\Programs\MiKTeX\tex/latex/ragged2e\ragged2e.s
ty
Package: ragged2e 2023/06/22 v3.6 ragged2e Package
\CenteringLeftskip=\skip102
\RaggedLeftLeftskip=\skip103
\RaggedRightLeftskip=\skip104
\CenteringRightskip=\skip105
\RaggedLeftRightskip=\skip106
\RaggedRightRightskip=\skip107
\CenteringParfillskip=\skip108
\RaggedLeftParfillskip=\skip109
\RaggedRightParfillskip=\skip110
\JustifyingParfillskip=\skip111
\CenteringParindent=\skip112
\RaggedLeftParindent=\skip113
\RaggedRightParindent=\skip114
\JustifyingParindent=\skip115
)
(C:\Users\t.wiegner\AppData\Local\Programs\MiKTeX\tex/latex/graphics\lscape.sty
Package: lscape 2020/05/28 v3.02 Landscape Pages (DPC)
)
(C:\Users\t.wiegner\AppData\Local\Programs\MiKTeX\tex/latex/graphics\rotating.s
ty
Package: rotating 2016/08/11 v2.16d rotated objects in LaTeX
\c@r@tfl@t=\count372
\rotFPtop=\skip116
\rotFPbot=\skip117
\rot@float@box=\box74
\rot@mess@toks=\toks47
)
(C:\Users\t.wiegner\AppData\Local\Programs\MiKTeX\tex/latex/paralist\paralist.s
ty
Package: paralist 2017/01/22 v2.7 Extended list environments
\pltopsep=\skip118
\plpartopsep=\skip119
\plitemsep=\skip120
\plparsep=\skip121
\pl@lab=\toks48
)
(C:\Users\t.wiegner\AppData\Local\Programs\MiKTeX\tex/latex/enumitem\enumitem.s
ty
Package: enumitem 2019/06/20 v3.9 Customized lists
\labelindent=\skip122
\enit@outerparindent=\dimen266
\enit@toks=\toks49
\enit@inbox=\box75
\enit@count@id=\count373
\enitdp@description=\count374
)
(C:\Users\t.wiegner\AppData\Local\Programs\MiKTeX\tex/latex/forloop\forloop.sty
Package: forloop 2023/05/03 v3.0 For Loops for LaTeX
)
(C:\Users\t.wiegner\AppData\Local\Programs\MiKTeX\tex/latex/todonotes\todonotes
.sty
Package: todonotes 2023/01/31 v1.1.6 Todonotes source and documentation.
Package: todonotes 2023/01/31

(C:\Users\t.wiegner\AppData\Local\Programs\MiKTeX\tex/latex/pgf/frontendlayer\t
ikz.sty
(C:\Users\t.wiegner\AppData\Local\Programs\MiKTeX\tex/latex/pgf/basiclayer\pgf.
sty
(C:\Users\t.wiegner\AppData\Local\Programs\MiKTeX\tex/latex/pgf/utilities\pgfrc
s.sty
(C:\Users\t.wiegner\AppData\Local\Programs\MiKTeX\tex/generic/pgf/utilities\pgf
util-common.tex
\pgfutil@everybye=\toks50
\pgfutil@tempdima=\dimen267
\pgfutil@tempdimb=\dimen268
)
(C:\Users\t.wiegner\AppData\Local\Programs\MiKTeX\tex/generic/pgf/utilities\pgf
util-latex.def
\pgfutil@abb=\box76
)
(C:\Users\t.wiegner\AppData\Local\Programs\MiKTeX\tex/generic/pgf/utilities\pgf
rcs.code.tex
(C:\Users\t.wiegner\AppData\Local\Programs\MiKTeX\tex/generic/pgf\pgf.revision.
tex)
Package: pgfrcs 2023-01-15 v3.1.10 (3.1.10)
))
Package: pgf 2023-01-15 v3.1.10 (3.1.10)

(C:\Users\t.wiegner\AppData\Local\Programs\MiKTeX\tex/latex/pgf/basiclayer\pgfc
ore.sty
(C:\Users\t.wiegner\AppData\Local\Programs\MiKTeX\tex/latex/pgf/systemlayer\pgf
sys.sty
(C:\Users\t.wiegner\AppData\Local\Programs\MiKTeX\tex/generic/pgf/systemlayer\p
gfsys.code.tex
Package: pgfsys 2023-01-15 v3.1.10 (3.1.10)

(C:\Users\t.wiegner\AppData\Local\Programs\MiKTeX\tex/generic/pgf/utilities\pgf
keys.code.tex
\pgfkeys@pathtoks=\toks51
\pgfkeys@temptoks=\toks52

(C:\Users\t.wiegner\AppData\Local\Programs\MiKTeX\tex/generic/pgf/utilities\pgf
keyslibraryfiltered.code.tex
\pgfkeys@tmptoks=\toks53
))
\pgf@x=\dimen269
\pgf@y=\dimen270
\pgf@xa=\dimen271
\pgf@ya=\dimen272
\pgf@xb=\dimen273
\pgf@yb=\dimen274
\pgf@xc=\dimen275
\pgf@yc=\dimen276
\pgf@xd=\dimen277
\pgf@yd=\dimen278
\w@pgf@writea=\write3
\r@pgf@reada=\read3
\c@pgf@counta=\count375
\c@pgf@countb=\count376
\c@pgf@countc=\count377
\c@pgf@countd=\count378
\t@pgf@toka=\toks54
\t@pgf@tokb=\toks55
\t@pgf@tokc=\toks56
\pgf@sys@id@count=\count379

(C:\Users\t.wiegner\AppData\Local\Programs\MiKTeX\tex/generic/pgf/systemlayer\p
gf.cfg
File: pgf.cfg 2023-01-15 v3.1.10 (3.1.10)
)
Driver file for pgf: pgfsys-pdftex.def

(C:\Users\t.wiegner\AppData\Local\Programs\MiKTeX\tex/generic/pgf/systemlayer\p
gfsys-pdftex.def
File: pgfsys-pdftex.def 2023-01-15 v3.1.10 (3.1.10)

(C:\Users\t.wiegner\AppData\Local\Programs\MiKTeX\tex/generic/pgf/systemlayer\p
gfsys-common-pdf.def
File: pgfsys-common-pdf.def 2023-01-15 v3.1.10 (3.1.10)
)))
(C:\Users\t.wiegner\AppData\Local\Programs\MiKTeX\tex/generic/pgf/systemlayer\p
gfsyssoftpath.code.tex
File: pgfsyssoftpath.code.tex 2023-01-15 v3.1.10 (3.1.10)
\pgfsyssoftpath@smallbuffer@items=\count380
\pgfsyssoftpath@bigbuffer@items=\count381
)
(C:\Users\t.wiegner\AppData\Local\Programs\MiKTeX\tex/generic/pgf/systemlayer\p
gfsysprotocol.code.tex
File: pgfsysprotocol.code.tex 2023-01-15 v3.1.10 (3.1.10)
))
(C:\Users\t.wiegner\AppData\Local\Programs\MiKTeX\tex/generic/pgf/basiclayer\pg
fcore.code.tex
Package: pgfcore 2023-01-15 v3.1.10 (3.1.10)

(C:\Users\t.wiegner\AppData\Local\Programs\MiKTeX\tex/generic/pgf/math\pgfmath.
code.tex
(C:\Users\t.wiegner\AppData\Local\Programs\MiKTeX\tex/generic/pgf/math\pgfmathu
til.code.tex)
(C:\Users\t.wiegner\AppData\Local\Programs\MiKTeX\tex/generic/pgf/math\pgfmathp
arser.code.tex
\pgfmath@dimen=\dimen279
\pgfmath@count=\count382
\pgfmath@box=\box77
\pgfmath@toks=\toks57
\pgfmath@stack@operand=\toks58
\pgfmath@stack@operation=\toks59
)
(C:\Users\t.wiegner\AppData\Local\Programs\MiKTeX\tex/generic/pgf/math\pgfmathf
unctions.code.tex)
(C:\Users\t.wiegner\AppData\Local\Programs\MiKTeX\tex/generic/pgf/math\pgfmathf
unctions.basic.code.tex)
(C:\Users\t.wiegner\AppData\Local\Programs\MiKTeX\tex/generic/pgf/math\pgfmathf
unctions.trigonometric.code.tex)
(C:\Users\t.wiegner\AppData\Local\Programs\MiKTeX\tex/generic/pgf/math\pgfmathf
unctions.random.code.tex)
(C:\Users\t.wiegner\AppData\Local\Programs\MiKTeX\tex/generic/pgf/math\pgfmathf
unctions.comparison.code.tex)
(C:\Users\t.wiegner\AppData\Local\Programs\MiKTeX\tex/generic/pgf/math\pgfmathf
unctions.base.code.tex)
(C:\Users\t.wiegner\AppData\Local\Programs\MiKTeX\tex/generic/pgf/math\pgfmathf
unctions.round.code.tex)
(C:\Users\t.wiegner\AppData\Local\Programs\MiKTeX\tex/generic/pgf/math\pgfmathf
unctions.misc.code.tex)
(C:\Users\t.wiegner\AppData\Local\Programs\MiKTeX\tex/generic/pgf/math\pgfmathf
unctions.integerarithmetics.code.tex)
(C:\Users\t.wiegner\AppData\Local\Programs\MiKTeX\tex/generic/pgf/math\pgfmathc
alc.code.tex)
(C:\Users\t.wiegner\AppData\Local\Programs\MiKTeX\tex/generic/pgf/math\pgfmathf
loat.code.tex
\c@pgfmathroundto@lastzeros=\count383
))
(C:\Users\t.wiegner\AppData\Local\Programs\MiKTeX\tex/generic/pgf/math\pgfint.c
ode.tex)
(C:\Users\t.wiegner\AppData\Local\Programs\MiKTeX\tex/generic/pgf/basiclayer\pg
fcorepoints.code.tex
File: pgfcorepoints.code.tex 2023-01-15 v3.1.10 (3.1.10)
\pgf@picminx=\dimen280
\pgf@picmaxx=\dimen281
\pgf@picminy=\dimen282
\pgf@picmaxy=\dimen283
\pgf@pathminx=\dimen284
\pgf@pathmaxx=\dimen285
\pgf@pathminy=\dimen286
\pgf@pathmaxy=\dimen287
\pgf@xx=\dimen288
\pgf@xy=\dimen289
\pgf@yx=\dimen290
\pgf@yy=\dimen291
\pgf@zx=\dimen292
\pgf@zy=\dimen293
)
(C:\Users\t.wiegner\AppData\Local\Programs\MiKTeX\tex/generic/pgf/basiclayer\pg
fcorepathconstruct.code.tex
File: pgfcorepathconstruct.code.tex 2023-01-15 v3.1.10 (3.1.10)
\pgf@path@lastx=\dimen294
\pgf@path@lasty=\dimen295
)
(C:\Users\t.wiegner\AppData\Local\Programs\MiKTeX\tex/generic/pgf/basiclayer\pg
fcorepathusage.code.tex
File: pgfcorepathusage.code.tex 2023-01-15 v3.1.10 (3.1.10)
\pgf@shorten@end@additional=\dimen296
\pgf@shorten@start@additional=\dimen297
)
(C:\Users\t.wiegner\AppData\Local\Programs\MiKTeX\tex/generic/pgf/basiclayer\pg
fcorescopes.code.tex
File: pgfcorescopes.code.tex 2023-01-15 v3.1.10 (3.1.10)
\pgfpic=\box78
\pgf@hbox=\box79
\pgf@layerbox@main=\box80
\pgf@picture@serial@count=\count384
)
(C:\Users\t.wiegner\AppData\Local\Programs\MiKTeX\tex/generic/pgf/basiclayer\pg
fcoregraphicstate.code.tex
File: pgfcoregraphicstate.code.tex 2023-01-15 v3.1.10 (3.1.10)
\pgflinewidth=\dimen298
)
(C:\Users\t.wiegner\AppData\Local\Programs\MiKTeX\tex/generic/pgf/basiclayer\pg
fcoretransformations.code.tex
File: pgfcoretransformations.code.tex 2023-01-15 v3.1.10 (3.1.10)
\pgf@pt@x=\dimen299
\pgf@pt@y=\dimen300
\pgf@pt@temp=\dimen301
)
(C:\Users\t.wiegner\AppData\Local\Programs\MiKTeX\tex/generic/pgf/basiclayer\pg
fcorequick.code.tex
File: pgfcorequick.code.tex 2023-01-15 v3.1.10 (3.1.10)
)
(C:\Users\t.wiegner\AppData\Local\Programs\MiKTeX\tex/generic/pgf/basiclayer\pg
fcoreobjects.code.tex
File: pgfcoreobjects.code.tex 2023-01-15 v3.1.10 (3.1.10)
)
(C:\Users\t.wiegner\AppData\Local\Programs\MiKTeX\tex/generic/pgf/basiclayer\pg
fcorepathprocessing.code.tex
File: pgfcorepathprocessing.code.tex 2023-01-15 v3.1.10 (3.1.10)
)
(C:\Users\t.wiegner\AppData\Local\Programs\MiKTeX\tex/generic/pgf/basiclayer\pg
fcorearrows.code.tex
File: pgfcorearrows.code.tex 2023-01-15 v3.1.10 (3.1.10)
\pgfarrowsep=\dimen302
)
(C:\Users\t.wiegner\AppData\Local\Programs\MiKTeX\tex/generic/pgf/basiclayer\pg
fcoreshade.code.tex
File: pgfcoreshade.code.tex 2023-01-15 v3.1.10 (3.1.10)
\pgf@max=\dimen303
\pgf@sys@shading@range@num=\count385
\pgf@shadingcount=\count386
)
(C:\Users\t.wiegner\AppData\Local\Programs\MiKTeX\tex/generic/pgf/basiclayer\pg
fcoreimage.code.tex
File: pgfcoreimage.code.tex 2023-01-15 v3.1.10 (3.1.10)
)
(C:\Users\t.wiegner\AppData\Local\Programs\MiKTeX\tex/generic/pgf/basiclayer\pg
fcoreexternal.code.tex
File: pgfcoreexternal.code.tex 2023-01-15 v3.1.10 (3.1.10)
\pgfexternal@startupbox=\box81
)
(C:\Users\t.wiegner\AppData\Local\Programs\MiKTeX\tex/generic/pgf/basiclayer\pg
fcorelayers.code.tex
File: pgfcorelayers.code.tex 2023-01-15 v3.1.10 (3.1.10)
)
(C:\Users\t.wiegner\AppData\Local\Programs\MiKTeX\tex/generic/pgf/basiclayer\pg
fcoretransparency.code.tex
File: pgfcoretransparency.code.tex 2023-01-15 v3.1.10 (3.1.10)
)
(C:\Users\t.wiegner\AppData\Local\Programs\MiKTeX\tex/generic/pgf/basiclayer\pg
fcorepatterns.code.tex
File: pgfcorepatterns.code.tex 2023-01-15 v3.1.10 (3.1.10)
)
(C:\Users\t.wiegner\AppData\Local\Programs\MiKTeX\tex/generic/pgf/basiclayer\pg
fcorerdf.code.tex
File: pgfcorerdf.code.tex 2023-01-15 v3.1.10 (3.1.10)
)))
(C:\Users\t.wiegner\AppData\Local\Programs\MiKTeX\tex/generic/pgf/modules\pgfmo
duleshapes.code.tex
File: pgfmoduleshapes.code.tex 2023-01-15 v3.1.10 (3.1.10)
\pgfnodeparttextbox=\box82
)
(C:\Users\t.wiegner\AppData\Local\Programs\MiKTeX\tex/generic/pgf/modules\pgfmo
duleplot.code.tex
File: pgfmoduleplot.code.tex 2023-01-15 v3.1.10 (3.1.10)
)
(C:\Users\t.wiegner\AppData\Local\Programs\MiKTeX\tex/latex/pgf/compatibility\p
gfcomp-version-0-65.sty
Package: pgfcomp-version-0-65 2023-01-15 v3.1.10 (3.1.10)
\pgf@nodesepstart=\dimen304
\pgf@nodesepend=\dimen305
)
(C:\Users\t.wiegner\AppData\Local\Programs\MiKTeX\tex/latex/pgf/compatibility\p
gfcomp-version-1-18.sty
Package: pgfcomp-version-1-18 2023-01-15 v3.1.10 (3.1.10)
))
(C:\Users\t.wiegner\AppData\Local\Programs\MiKTeX\tex/latex/pgf/utilities\pgffo
r.sty
(C:\Users\t.wiegner\AppData\Local\Programs\MiKTeX\tex/latex/pgf/utilities\pgfke
ys.sty
(C:\Users\t.wiegner\AppData\Local\Programs\MiKTeX\tex/generic/pgf/utilities\pgf
keys.code.tex))
(C:\Users\t.wiegner\AppData\Local\Programs\MiKTeX\tex/latex/pgf/math\pgfmath.st
y
(C:\Users\t.wiegner\AppData\Local\Programs\MiKTeX\tex/generic/pgf/math\pgfmath.
code.tex))
(C:\Users\t.wiegner\AppData\Local\Programs\MiKTeX\tex/generic/pgf/utilities\pgf
for.code.tex
Package: pgffor 2023-01-15 v3.1.10 (3.1.10)
\pgffor@iter=\dimen306
\pgffor@skip=\dimen307
\pgffor@stack=\toks60
\pgffor@toks=\toks61
))
(C:\Users\t.wiegner\AppData\Local\Programs\MiKTeX\tex/generic/pgf/frontendlayer
/tikz\tikz.code.tex
Package: tikz 2023-01-15 v3.1.10 (3.1.10)

(C:\Users\t.wiegner\AppData\Local\Programs\MiKTeX\tex/generic/pgf/libraries\pgf
libraryplothandlers.code.tex
File: pgflibraryplothandlers.code.tex 2023-01-15 v3.1.10 (3.1.10)
\pgf@plot@mark@count=\count387
\pgfplotmarksize=\dimen308
)
\tikz@lastx=\dimen309
\tikz@lasty=\dimen310
\tikz@lastxsaved=\dimen311
\tikz@lastysaved=\dimen312
\tikz@lastmovetox=\dimen313
\tikz@lastmovetoy=\dimen314
\tikzleveldistance=\dimen315
\tikzsiblingdistance=\dimen316
\tikz@figbox=\box83
\tikz@figbox@bg=\box84
\tikz@tempbox=\box85
\tikz@tempbox@bg=\box86
\tikztreelevel=\count388
\tikznumberofchildren=\count389
\tikznumberofcurrentchild=\count390
\tikz@fig@count=\count391

(C:\Users\t.wiegner\AppData\Local\Programs\MiKTeX\tex/generic/pgf/modules\pgfmo
dulematrix.code.tex
File: pgfmodulematrix.code.tex 2023-01-15 v3.1.10 (3.1.10)
\pgfmatrixcurrentrow=\count392
\pgfmatrixcurrentcolumn=\count393
\pgf@matrix@numberofcolumns=\count394
)
\tikz@expandcount=\count395

(C:\Users\t.wiegner\AppData\Local\Programs\MiKTeX\tex/generic/pgf/frontendlayer
/tikz/libraries\tikzlibrarytopaths.code.tex
File: tikzlibrarytopaths.code.tex 2023-01-15 v3.1.10 (3.1.10)
)))
(C:\Users\t.wiegner\AppData\Local\Programs\MiKTeX\tex/generic/pgf/frontendlayer
/tikz/libraries\tikzlibrarypositioning.code.tex
File: tikzlibrarypositioning.code.tex 2023-01-15 v3.1.10 (3.1.10)
)
\c@@todonotes@numberoftodonotes=\count396
))
(C:\Users\t.wiegner\AppData\Local\Programs\MiKTeX\tex/latex/tools\xspace.sty
Package: xspace 2014/10/28 v1.13 Space after command names (DPC,MH)
)
\@indexfile=\write4
\openout4 = `Prüfsbericht_Vorlage.idx'.


Writing index file Prüfsbericht_Vorlage.idx
\@nomenclaturefile=\write5
\openout5 = `Prüfsbericht_Vorlage.nlo'.

Package nomencl Info: Writing nomenclature file Prüfsbericht_Vorlage.nlo on in
put line 57.
\glswrite=\write6
\glo@acronym@file=\write7
\openout7 = `Prüfsbericht_Vorlage.acn'.

Package glossaries Info: Writing glossary file Prüfsbericht_Vorlage.acn on inp
ut line 59.
(Seitenstil.tex

Package scrlayer-scrpage Warning: Command deprecated!
(scrlayer-scrpage)                Usage of `\setheadtopline', `\setheadsepline'
,
(scrlayer-scrpage)                `\setfootsepline', and `\setfootbotline'
(scrlayer-scrpage)                became deprecated with scrlayer-scrpage.
(scrlayer-scrpage)                You should use KOMA-Script options
(scrlayer-scrpage)                `headsepline', `headtopline', `footsepline',
(scrlayer-scrpage)                or `footbotline' with values
(scrlayer-scrpage)                `<line thickness>:<line length>' to setup
(scrlayer-scrpage)                the line length and thickness, and
(scrlayer-scrpage)                `\setkomafont' or `\addtokomafont' to
(scrlayer-scrpage)                setup the colour on input line 33.


Package scrlayer-scrpage Warning: Command deprecated!
(scrlayer-scrpage)                Usage of `\setheadtopline', `\setheadsepline'
,
(scrlayer-scrpage)                `\setfootsepline', and `\setfootbotline'
(scrlayer-scrpage)                became deprecated with scrlayer-scrpage.
(scrlayer-scrpage)                You should use KOMA-Script options
(scrlayer-scrpage)                `headsepline', `headtopline', `footsepline',
(scrlayer-scrpage)                or `footbotline' with values
(scrlayer-scrpage)                `<line thickness>:<line length>' to setup
(scrlayer-scrpage)                the line length and thickness, and
(scrlayer-scrpage)                `\setkomafont' or `\addtokomafont' to
(scrlayer-scrpage)                setup the colour on input line 45.


Package scrlayer-scrpage Warning: Command deprecated!
(scrlayer-scrpage)                Usage of `\setheadtopline', `\setheadsepline'
,
(scrlayer-scrpage)                `\setfootsepline', and `\setfootbotline'
(scrlayer-scrpage)                became deprecated with scrlayer-scrpage.
(scrlayer-scrpage)                You should use KOMA-Script options
(scrlayer-scrpage)                `headsepline', `headtopline', `footsepline',
(scrlayer-scrpage)                or `footbotline' with values
(scrlayer-scrpage)                `<line thickness>:<line length>' to setup
(scrlayer-scrpage)                the line length and thickness, and
(scrlayer-scrpage)                `\setkomafont' or `\addtokomafont' to
(scrlayer-scrpage)                setup the colour on input line 57.

)

LaTeX Warning: \include should only be used after \begin{document} on input lin
e 65.

(Silbentrennung.tex)

LaTeX Warning: \include should only be used after \begin{document} on input lin
e 69.

(Befehle.tex

Package array Warning: Column w is already defined on input line 105.

)
LaTeX Font Info:    Trying to load font information for T1+lmr on input line 76
.
 (C:\Users\t.wiegner\AppData\Local\Programs\MiKTeX\tex/latex/lm\t1lmr.fd
File: t1lmr.fd 2015/05/01 v1.6.1 Font defs for Latin Modern
)
(C:\Users\t.wiegner\AppData\Local\Programs\MiKTeX\tex/latex/l3backend\l3backend
-pdftex.def
File: l3backend-pdftex.def 2023-04-19 L3 backend support: PDF output (pdfTeX)
\l__color_backend_stack_int=\count397
\l__pdf_internal_box=\box87
) (Prüfsbericht_Vorlage.aux (Deckblatt.aux) (Inhalt/Einleitung.aux))
\openout1 = `Prüfsbericht_Vorlage.aux'.

LaTeX Font Info:    Checking defaults for OML/cmm/m/it on input line 76.
LaTeX Font Info:    ... okay on input line 76.
LaTeX Font Info:    Checking defaults for OMS/cmsy/m/n on input line 76.
LaTeX Font Info:    ... okay on input line 76.
LaTeX Font Info:    Checking defaults for OT1/cmr/m/n on input line 76.
LaTeX Font Info:    ... okay on input line 76.
LaTeX Font Info:    Checking defaults for T1/cmr/m/n on input line 76.
LaTeX Font Info:    ... okay on input line 76.
LaTeX Font Info:    Checking defaults for TS1/cmr/m/n on input line 76.
LaTeX Font Info:    ... okay on input line 76.
LaTeX Font Info:    Checking defaults for OMX/cmex/m/n on input line 76.
LaTeX Font Info:    ... okay on input line 76.
LaTeX Font Info:    Checking defaults for U/cmr/m/n on input line 76.
LaTeX Font Info:    ... okay on input line 76.
LaTeX Font Info:    Checking defaults for PD1/pdf/m/n on input line 76.
LaTeX Font Info:    ... okay on input line 76.
LaTeX Font Info:    Checking defaults for PU/pdf/m/n on input line 76.
LaTeX Font Info:    ... okay on input line 76.

*geometry* driver: auto-detecting
*geometry* detected driver: pdftex
*geometry* verbose mode - [ preamble ] result:
* driver: pdftex
* paper: a4paper
* layout: <same size as paper>
* layoutoffset:(h,v)=(0.0pt,0.0pt)
* modes: 
* h-part:(L,W,R)=(71.13188pt, 469.47049pt, 56.9055pt)
* v-part:(T,H,B)=(56.9055pt, 674.33032pt, 113.81102pt)
* \paperwidth=597.50787pt
* \paperheight=845.04684pt
* \textwidth=469.47049pt
* \textheight=674.33032pt
* \oddsidemargin=-1.1381pt
* \evensidemargin=-1.1381pt
* \topmargin=-55.23949pt
* \headheight=59.75078pt
* \headsep=21.75pt
* \topskip=12.59605pt
* \footskip=25.0pt
* \marginparwidth=59.7508pt
* \marginparsep=12.8401pt
* \columnsep=10.0pt
* \skip\footins=10.8pt plus 4.0pt minus 2.0pt
* \hoffset=0.0pt
* \voffset=0.0pt
* \mag=1000
* \@twocolumnfalse
* \@twosidefalse
* \@mparswitchfalse
* \@reversemarginfalse
* (1in=72.27pt=25.4mm, 1cm=28.453pt)


(C:\Users\t.wiegner\AppData\Local\Programs\MiKTeX\tex/context/base/mkii\supp-pd
f.mkii
[Loading MPS to PDF converter (version 2006.09.02).]
\scratchcounter=\count398
\scratchdimen=\dimen317
\scratchbox=\box88
\nofMPsegments=\count399
\nofMParguments=\count400
\everyMPshowfont=\toks62
\MPscratchCnt=\count401
\MPscratchDim=\dimen318
\MPnumerator=\count402
\makeMPintoPDFobject=\count403
\everyMPtoPDFconversion=\toks63
)
(C:\Users\t.wiegner\AppData\Local\Programs\MiKTeX\tex/latex/epstopdf-pkg\epstop
df-base.sty
Package: epstopdf-base 2020-01-24 v2.11 Base part for package epstopdf
Package epstopdf-base Info: Redefining graphics rule for `.eps' on input line 4
85.

(C:\Users\t.wiegner\AppData\Local\Programs\MiKTeX\tex/latex/00miktex\epstopdf-s
ys.cfg
File: epstopdf-sys.cfg 2021/03/18 v2.0 Configuration of epstopdf for MiKTeX
))
\c@lstlisting=\count404
Package backref Info: ** backref set up for natbib ** on input line 76.
Package hyperref Info: Link coloring ON on input line 76.
 (Prüfsbericht_Vorlage.out) (Prüfsbericht_Vorlage.out)
\@outlinefile=\write8
\openout8 = `Prüfsbericht_Vorlage.out'.

Class scrreprt Info: loading recommended package `bookmark'.
(scrreprt)           Using `bookmark' together with `hyperref' is recommended,
(scrreprt)           because of handling of possible bookmark level gaps.
(scrreprt)           You can avoid loading `bookmark' with KOMA-Script option
(scrreprt)           `bookmarkpackage=false' before \begin{document} and
(scrreprt)           you can avoid this message adding:
(scrreprt)             \usepackage{bookmark}
(scrreprt)           before \begin{document} on input line 76.

(C:\Users\t.wiegner\AppData\Local\Programs\MiKTeX\tex/latex/bookmark\bookmark.s
ty
Package: bookmark 2020-11-06 v1.29 PDF bookmarks (HO)

(C:\Users\t.wiegner\AppData\Local\Programs\MiKTeX\tex/latex/bookmark\bkm-pdftex
.def
File: bkm-pdftex.def 2020-11-06 v1.29 bookmark driver for pdfTeX (HO)
\BKM@id=\count405
))
(C:\Users\t.wiegner\AppData\Local\Programs\MiKTeX\tex/latex/pdflscape\pdflscape
.sty
Package: pdflscape 2022-10-27 v0.13 Display of landscape pages in PDF

(C:\Users\t.wiegner\AppData\Local\Programs\MiKTeX\tex/latex/pdflscape\pdflscape
-nometadata.sty
Package: pdflscape-nometadata 2022-10-28 v0.13 Display of landscape pages in PD
F (HO)
Package pdflscape Info: Auto-detected driver: pdftex on input line 81.
))
\openout2 = `Deckblatt.aux'.

 (Deckblatt.tex

Package geometry Warning: `a4paper': not available in `\newgeometry'; skipped.

*geometry* verbose mode - [ newgeometry ] result:
* driver: pdftex
* paper: a4paper
* layout: <same size as paper>
* layoutoffset:(h,v)=(0.0pt,0.0pt)
* modes: 
* h-part:(L,W,R)=(71.13188pt, 469.47049pt, 56.9055pt)
* v-part:(T,H,B)=(0.0pt, 845.04684pt, 0.0pt)
* \paperwidth=597.50787pt
* \paperheight=845.04684pt
* \textwidth=469.47049pt
* \textheight=845.04684pt
* \oddsidemargin=-1.1381pt
* \evensidemargin=-1.1381pt
* \topmargin=-153.77077pt
* \headheight=59.75078pt
* \headsep=21.75pt
* \topskip=12.59605pt
* \footskip=25.0pt
* \marginparwidth=59.7508pt
* \marginparsep=12.8401pt
* \columnsep=10.0pt
* \skip\footins=10.8pt plus 4.0pt minus 2.0pt
* \hoffset=0.0pt
* \voffset=0.0pt
* \mag=1000
* \@twocolumnfalse
* \@twosidefalse
* \@mparswitchfalse
* \@reversemarginfalse
* (1in=72.27pt=25.4mm, 1cm=28.453pt)

(C:\Users\t.wiegner\AppData\Local\Programs\MiKTeX\tex/latex/lm\ot1lmr.fd)
(C:\Users\t.wiegner\AppData\Local\Programs\MiKTeX\tex/latex/lm\omllmm.fd)
(C:\Users\t.wiegner\AppData\Local\Programs\MiKTeX\tex/latex/lm\omslmsy.fd)
(C:\Users\t.wiegner\AppData\Local\Programs\MiKTeX\tex/latex/lm\omxlmex.fd)
(C:\Users\t.wiegner\AppData\Local\Programs\MiKTeX\tex/latex/amsfonts\umsa.fd)
(C:\Users\t.wiegner\AppData\Local\Programs\MiKTeX\tex/latex/amsfonts\umsb.fd)
(C:\Users\t.wiegner\AppData\Local\Programs\MiKTeX\tex/latex/wasysym\uwasy.fd)
Overfull \vbox (10.15886pt too high) detected at line 21
 []

(C:\Users\t.wiegner\AppData\Local\Programs\MiKTeX\tex/latex/lm\ts1lmr.fd)
Overfull \vbox (10.15886pt too high) detected at line 21
 []

File: Bilder/LogoQtecAG.png Graphic file (type png)
<use Bilder/LogoQtecAG.png>
Package pdftex.def Info: Bilder/LogoQtecAG.png  used on input line 21.
(pdftex.def)             Requested size: 187.78532pt x 40.74936pt.

Overfull \vbox (10.15886pt too high) detected at line 21
 []

LaTeX Font Info:    Trying to load font information for T1+cmss on input line 2
3.
(C:\Users\t.wiegner\AppData\Local\Programs\MiKTeX\tex/latex/base\t1cmss.fd
File: t1cmss.fd 2023/04/13 v2.5m Standard LaTeX font definitions
)

LaTeX Font Warning: Font shape `T1/cmss/b/n' undefined
(Font)              using `T1/cmss/bx/n' instead on input line 40.


LaTeX Font Warning: Font shape `T1/cmss/b/n' undefined
(Font)              using `T1/cmss/bx/n' instead on input line 41.


LaTeX Font Warning: Font shape `T1/cmss/b/n' undefined
(Font)              using `T1/cmss/bx/n' instead on input line 47.

(C:\Users\t.wiegner\AppData\Local\Programs\MiKTeX\tex/latex/lm\t1lmtt.fd)


<QR code requested for "\https://www.q-tec-ag.ch/" in version 0-M.>
<Calculating QR code for "\https://www.q-tec-ag.ch/" in version 2-M.>
<Splitting off block 1> <Making error block 1>
<Interleaving datablocks of length 28\ and 29:  1, 2, 3, 4, 5, 6, 7, 8, 9, 10,
11, 12, 13, 14, 15, 16, 17, 18, 19, 20, 21, 22, 23, 24, 25, 26, 27, 28, .>
<Interleaving errorblocks of length 16:  1, 2, 3, 4, 5, 6, 7, 8, 9, 10, 11,
12, 13, 14, 15, 16, .><Interleaving complete.> <Writing data... done.>
<Applying Mask 0... done. Calculating penalty... penalty is 1210>
<Applying Mask 1... done. Calculating penalty... penalty is 1094>
<Applying Mask 2... done. Calculating penalty... penalty is 1134>
<Applying Mask 3... done. Calculating penalty... penalty is 1129>
<Applying Mask 4... done. Calculating penalty... penalty is 1126>
<Applying Mask 5... done. Calculating penalty... penalty is 1132>
<Applying Mask 6... done. Calculating penalty... penalty is 1104>
<Applying Mask 7... done. Calculating penalty... penalty is 1188>
<Selected Mask 1>
<Encoding and writing format string... done.>
<Encoding and writing version information... done.>
<Saving QR code to memory... done.>
<Writing QR code to aux file... done.>
<Printing matrix... done.>



<QR code requested for "\https://www.q-tec-ag.ch/" in version 0-M.>

<Copying the QR code for "\https://www.q-tec-ag.ch/" in version 2-M as previous
ly calculated.>


<QR code requested for "\https://www.q-tec-ag.ch/" in version 0-M.>

<Copying the QR code for "\https://www.q-tec-ag.ch/" in version 2-M as previous
ly calculated.>

Overfull \hbox (180.49013pt too wide) in alignment at lines 66--66
[][] 
 []

[1
Non-PDF special ignored!
<special> papersize=597.50787pt,845.04684pt

\openout6 = `Prüfsbericht_Vorlage.ist'.





{C:/Users/t.wiegner/AppData/Local/MiKTeX/fonts/map/pdftex/pdftex.map}{C:/Users/
t.wiegner/AppData/Local/Programs/MiKTeX/fonts/enc/dvips/lm/lm-ec.enc}{C:/Users/
t.wiegner/AppData/Local/Programs/MiKTeX/fonts/enc/dvips/lm/lm-ts1.enc} <./Bilde
r/LogoQtecAG.png>])
LaTeX Font Info:    Trying to load font information for T1+lmss on input line 9
9.

(C:\Users\t.wiegner\AppData\Local\Programs\MiKTeX\tex/latex/lm\t1lmss.fd
File: t1lmss.fd 2015/05/01 v1.6.1 Font defs for Latin Modern
)
(Prüfsbericht_Vorlage.toc)
\tf@toc=\write9
\openout9 = `Prüfsbericht_Vorlage.toc'.

 (Inhalt/Glossar.tex)
<Bilder/Qtec_colour.png, id=48, 816.04875pt x 221.32687pt>
File: Bilder/Qtec_colour.png Graphic file (type png)
<use Bilder/Qtec_colour.png>
Package pdftex.def Info: Bilder/Qtec_colour.png  used on input line 105.
(pdftex.def)             Requested size: 140.84258pt x 38.19917pt.


Package scrlayer-scrpage Warning: \footheight to low.
(scrlayer-scrpage)                At least 56.6556pt needed,
(scrlayer-scrpage)                but only 18.125pt found.
(scrlayer-scrpage)                I'll enlarge \footheight, for further
(scrlayer-scrpage)                processing, but you should do this yourself,
(scrlayer-scrpage)                e.g., using
(scrlayer-scrpage)                  \setlength{\footheight}{56.6556pt}
(scrlayer-scrpage)                in your preamble.
(scrlayer-scrpage)                I'll also increase \footskip on input line 10
5.

[1



 <./Bilder/Qtec_colour.png>]
No file Prüfsbericht_Vorlage.acr.

Package glossaries-extra Warning: Glossary `acronym' is missing on input line 1
06.

Missing character: There is no  in font ec-lmtt12!
Missing character: There is no  in font ec-lmtt12!
Missing character: There is no  in font ec-lmtt12!
Missing character: There is no  in font ec-lmtt12!
File: Bilder/Qtec_colour.png Graphic file (type png)
<use Bilder/Qtec_colour.png>
Package pdftex.def Info: Bilder/Qtec_colour.png  used on input line 111.
(pdftex.def)             Requested size: 140.84258pt x 38.19917pt.
[2



] (Inhalt.tex
\openout2 = `Inhalt/Einleitung.aux'.

 (Inhalt/Einleitung.tex
chapter 1.

Class scrreprt Warning: \float@addtolists detected!
(scrreprt)              Implementation of \float@addtolist became
(scrreprt)              deprecated in KOMA-Script v3.01 2008/11/14 and
(scrreprt)              has been replaced by several more flexible
(scrreprt)              features of package `tocbasic`.
(scrreprt)              Since Version 3.12 support for deprecated
(scrreprt)              \float@addtolist interface has been
(scrreprt)              restricted to only some of the KOMA-Script
(scrreprt)              features and been removed from others.
(scrreprt)              Loading of package `scrhack' may help to
(scrreprt)              avoid this warning, if you are using a
(scrreprt)              a package that still implements the
(scrreprt)              deprecated \float@addtolist interface.

LaTeX Font Info:    Trying to load font information for U+pzd on input line 7.
(C:\Users\t.wiegner\AppData\Local\Programs\MiKTeX\tex/latex/psnfss\upzd.fd
File: upzd.fd 2001/06/04 font definitions for U/pzd.
)
Overfull \hbox (3.41013pt too wide) in paragraph at lines 15--16
[]\T1/lmr/m/n/12 Raum: [][][][] Klas-se: [][][][] Be-triebs-zu-stand:  [][][][]
 
 []


Underfull \hbox (badness 10000) in paragraph at lines 23--23
\T1/lmr/m/n/12 WG
 []


Underfull \hbox (badness 10000) in paragraph at lines 23--23
\T1/lmr/m/n/12 Ver-let-
 []


Underfull \hbox (badness 10000) in paragraph at lines 23--23
[]|\T1/lmr/m/n/12 MP
 []


Underfull \hbox (badness 10000) in paragraph at lines 23--23
\T1/lmr/m/n/12 Ver-let-
 []


Underfull \hbox (badness 10000) in paragraph at lines 23--23
\T1/lmr/m/n/12 GW
 []


Underfull \hbox (badness 10000) in paragraph at lines 23--23
\T1/lmr/m/n/12 Ver-let-
 []


Overfull \hbox (11.74983pt too wide) in paragraph at lines 23--24
[][] 
 []


Overfull \hbox (3.41013pt too wide) in paragraph at lines 28--29
[]\T1/lmr/m/n/12 Raum: [][][][] Klas-se: [][][][] Be-triebs-zu-stand:  [][][][]
 
 []


Overfull \hbox (11.74983pt too wide) in paragraph at lines 37--38
[][] 
 []

File: Bilder/Qtec_colour.png Graphic file (type png)
<use Bilder/Qtec_colour.png>
Package pdftex.def Info: Bilder/Qtec_colour.png  used on input line 39.
(pdftex.def)             Requested size: 140.84258pt x 38.19917pt.
[1



{C:/Users/t.wiegner/AppData/Local/Programs/MiKTeX/fonts/enc/dvips/lm/lm-mathsy.
enc}]
Overfull \hbox (11.74983pt too wide) in paragraph at lines 43--44
[][] 
 []


Overfull \hbox (3.41013pt too wide) in paragraph at lines 49--50
[]\T1/lmr/m/n/12 Raum: [][][][] Klas-se: [][][][] Be-triebs-zu-stand:  [][][][]
 
 []


Underfull \hbox (badness 10000) in paragraph at lines 57--57
[]|\T1/lmr/m/n/12 MP
 []


Underfull \hbox (badness 10000) in paragraph at lines 57--57
\T1/lmr/m/n/12 mit
 []


Underfull \hbox (badness 10000) in paragraph at lines 57--57
\T1/lmr/m/n/12 WG
 []


Underfull \hbox (badness 10000) in paragraph at lines 57--57
\T1/lmr/m/n/12 Ver-let-
 []


Underfull \hbox (badness 10000) in paragraph at lines 57--57
[]|\T1/lmr/m/n/12 MP
 []


Underfull \hbox (badness 10000) in paragraph at lines 57--57
\T1/lmr/m/n/12 Ver-let-
 []


Underfull \hbox (badness 10000) in paragraph at lines 57--57
[]|\T1/lmr/m/n/12 MP
 []


Underfull \hbox (badness 10000) in paragraph at lines 57--57
\T1/lmr/m/n/12 mit
 []


Underfull \hbox (badness 10000) in paragraph at lines 57--57
\T1/lmr/m/n/12 GW
 []


Underfull \hbox (badness 10000) in paragraph at lines 57--57
\T1/lmr/m/n/12 Ver-let-
 []


Overfull \hbox (3.41013pt too wide) in paragraph at lines 63--64
[]\T1/lmr/m/n/12 Raum: [][][][] Klas-se: [][][][] Be-triebs-zu-stand:  [][][][]
 
 []


Overfull \hbox (11.74983pt too wide) in paragraph at lines 81--82
[][] 
 []


Overfull \hbox (3.41013pt too wide) in paragraph at lines 85--86
[]\T1/lmr/m/n/12 Raum: [][][][] Klas-se: [][][][] Be-triebs-zu-stand:  [][][][]
 
 []


Overfull \hbox (137.811pt too wide) in paragraph at lines 123--123
[]|[]| 
 []

File: Bilder/Qtec_colour.png Graphic file (type png)
<use Bilder/Qtec_colour.png>
Package pdftex.def Info: Bilder/Qtec_colour.png  used on input line 128.
(pdftex.def)             Requested size: 140.84258pt x 38.19917pt.
[2]
chapter 2.

Package hyperref Warning: Token not allowed in a PDF string (Unicode):
(hyperref)                removing `math shift' on input line 133.


Package hyperref Warning: Token not allowed in a PDF string (Unicode):
(hyperref)                removing `\char' on input line 133.


Package hyperref Warning: Token not allowed in a PDF string (Unicode):
(hyperref)                removing `math shift' on input line 133.


Underfull \hbox (badness 10000) in paragraph at lines 133--136

 []


Package hyperref Warning: Token not allowed in a PDF string (Unicode):
(hyperref)                removing `math shift' on input line 136.


Package hyperref Warning: Token not allowed in a PDF string (Unicode):
(hyperref)                removing `\char' on input line 136.


Package hyperref Warning: Token not allowed in a PDF string (Unicode):
(hyperref)                removing `math shift' on input line 136.


Underfull \hbox (badness 10000) in paragraph at lines 136--140

 []


Underfull \hbox (badness 10000) in paragraph at lines 146--152

 []

File: Bilder/Qtec_colour.png Graphic file (type png)
<use Bilder/Qtec_colour.png>
Package pdftex.def Info: Bilder/Qtec_colour.png  used on input line 154.
(pdftex.def)             Requested size: 140.84258pt x 38.19917pt.
[3

{C:/Users/t.wiegner/AppData/Local/Programs/MiKTeX/fonts/enc/dvips/lm/lm-rm.enc}
]
chapter 3.

Overfull \hbox (11.75252pt too wide) in paragraph at lines 158--178
[] 
 []


Overfull \hbox (11.76108pt too wide) in paragraph at lines 182--193
[][] 
 []


Overfull \hbox (11.76396pt too wide) in paragraph at lines 195--215
[][] 
 []

File: Bilder/Qtec_colour.png Graphic file (type png)
<use Bilder/Qtec_colour.png>
Package pdftex.def Info: Bilder/Qtec_colour.png  used on input line 218.
(pdftex.def)             Requested size: 140.84258pt x 38.19917pt.
[4

{C:/Users/t.wiegner/AppData/Local/Programs/MiKTeX/fonts/enc/dvips/lm/lm-mathit.
enc}]
Underfull \hbox (badness 10000) in paragraph at lines 221--223

 []


Overfull \hbox (11.75252pt too wide) in paragraph at lines 227--244
[][] 
 []


Overfull \hbox (11.76108pt too wide) in paragraph at lines 248--259
[][] 
 []


Underfull \hbox (badness 10000) in paragraph at lines 261--282

 []

)
File: Bilder/Qtec_colour.png Graphic file (type png)
<use Bilder/Qtec_colour.png>
Package pdftex.def Info: Bilder/Qtec_colour.png  used on input line 8.
(pdftex.def)             Requested size: 140.84258pt x 38.19917pt.
 [5]
File: Bilder/Qtec_colour.png Graphic file (type png)
<use Bilder/Qtec_colour.png>
Package pdftex.def Info: Bilder/Qtec_colour.png  used on input line 8.
(pdftex.def)             Requested size: 140.84258pt x 38.19917pt.
 [6]) (Prüfsbericht_Vorlage.bbl (Prüfsbericht_Vorlage.brf)
\tf@brf=\write10
\openout10 = `Prüfsbericht_Vorlage.brf'.


chapter without number

Package natbib Warning: Empty `thebibliography' environment on input line 15.

)

Class scrreprt Warning: You are using `\begin{appendix}...\end{appendix}'.
(scrreprt)              You should note, that `\appendix' is a mostly globally
(scrreprt)              working command not an enviroment with only local
(scrreprt)              effects. Therefore `\end{appendix}' will neither
(scrreprt)              switch back to normal section numbering nor finish
(scrreprt)              every other effect of `\begin{appendix}'.
(scrreprt)              Nevertheless, some effects may end with
(scrreprt)              `\end{appendix}' and the document may become
(scrreprt)              inconsistent.
(scrreprt)              Because of this, you should remove `\end{appendix}'
(scrreprt)              and replace `\begin{appendix}' by command
(scrreprt)              `\appendix' on input line 153.

File: Bilder/Qtec_colour.png Graphic file (type png)
<use Bilder/Qtec_colour.png>
Package pdftex.def Info: Bilder/Qtec_colour.png  used on input line 154.
(pdftex.def)             Requested size: 140.84258pt x 38.19917pt.
[7




]
chapter A.
(Anhang.tex)
File: Bilder/Qtec_colour.png Graphic file (type png)
<use Bilder/Qtec_colour.png>
Package pdftex.def Info: Bilder/Qtec_colour.png  used on input line 163.
(pdftex.def)             Requested size: 140.84258pt x 38.19917pt.
 [1


] (Prüfsbericht_Vorlage.aux (Deckblatt.aux)
(Inhalt/Einleitung.aux))
 ***********
LaTeX2e <2023-06-01> patch level 1
L3 programming layer <2023-06-16>
 ***********
Package rerunfilecheck Info: File `Prüfsbericht_Vorlage.out' has not changed.
(rerunfilecheck)             Checksum: D41D8CD98F00B204E9800998ECF8427E;0.
Package rerunfilecheck Info: File `Prüfsbericht_Vorlage.brf' has not changed.
(rerunfilecheck)             Checksum: D41D8CD98F00B204E9800998ECF8427E;0.
 ) 
Here is how much of TeX's memory you used:
 44195 strings out of 476036
 858851 string characters out of 5777936
 1902763 words of memory out of 5000000
 64138 multiletter control sequences out of 15000+600000
 564306 words of font info for 84 fonts, out of 8000000 for 9000
 1150 hyphenation exceptions out of 8191
 115i,23n,234p,10918b,1889s stack positions out of 10000i,1000n,20000p,200000b,200000s
 <C:\Users\t.wiegner\AppData\Local\MiKTeX\fonts/pk/ljfour/public/wasy/dpi720\
wasy10.pk> <C:\Users\t.wiegner\AppData\Local\MiKTeX\fonts/pk/ljfour/jknappen/ec
/dpi600\ecsx1200.pk> <C:\Users\t.wiegner\AppData\Local\MiKTeX\fonts/pk/ljfour/j
knappen/ec/dpi600\ecss1440.pk> <C:\Users\t.wiegner\AppData\Local\MiKTeX\fonts/p
k/ljfour/jknappen/ec/dpi600\ecsx1728.pk> <C:\Users\t.wiegner\AppData\Local\MiKT
eX\fonts/pk/ljfour/jknappen/ec/dpi600\ecsx2074.pk> <C:\Users\t.wiegner\AppData\
Local\MiKTeX\fonts/pk/ljfour/jknappen/ec/dpi600\ecss1200.pk><C:/Users/t.wiegner
/AppData/Local/Programs/MiKTeX/fonts/type1/public/lm/lmmi12.pfb><C:/Users/t.wie
gner/AppData/Local/Programs/MiKTeX/fonts/type1/public/lm/lmr10.pfb><C:/Users/t.
wiegner/AppData/Local/Programs/MiKTeX/fonts/type1/public/lm/lmr12.pfb><C:/Users
/t.wiegner/AppData/Local/Programs/MiKTeX/fonts/type1/public/lm/lmr8.pfb><C:/Use
rs/t.wiegner/AppData/Local/Programs/MiKTeX/fonts/type1/public/lm/lmri12.pfb><C:
/Users/t.wiegner/AppData/Local/Programs/MiKTeX/fonts/type1/public/lm/lmss12.pfb
><C:/Users/t.wiegner/AppData/Local/Programs/MiKTeX/fonts/type1/public/lm/lmssbx
10.pfb><C:/Users/t.wiegner/AppData/Local/Programs/MiKTeX/fonts/type1/public/lm/
lmsy10.pfb><C:/Users/t.wiegner/AppData/Local/Programs/MiKTeX/fonts/type1/public
/lm/lmtt10.pfb><C:/Users/t.wiegner/AppData/Local/Programs/MiKTeX/fonts/type1/pu
blic/lm/lmtt12.pfb><C:/Users/t.wiegner/AppData/Local/Programs/MiKTeX/fonts/type
1/urw/zapfding/uzdr.pfb>
Output written on Prüfsbericht_Vorlage.pdf (11 pages, 386677 bytes).
PDF statistics:
 525 PDF objects out of 1000 (max. 8388607)
 26 named destinations out of 1000 (max. 500000)
 211 words of extra memory for PDF output out of 10000 (max. 10000000)

